<?xml version="1.0" encoding="UTF-8"?>
<!-- Generated by org.testng.reporters.JUnitReportReporter -->
<testsuite hostname="Rosans-MacBook-Pro.local" failures="0" tests="3" name="tests.TS_001_Directory" time="17.381" errors="0" timestamp="2022-07-03T10:58:13 NPT" skipped="0">
  <testcase classname="tests.TS_001_Directory" name="TC_001_shouldLogin" time="7.347"/>
  <system-out/>
  <testcase classname="tests.TS_001_Directory" name="TC_003_logOut" time="2.435"/>
  <system-out/>
  <testcase classname="tests.TS_001_Directory" name="TC_002_navigateToDirectory" time="7.599"/>
  <system-out/>
</testsuite> <!-- tests.TS_001_Directory -->
