<?xml version="1.0" encoding="UTF-8"?>
<!-- Generated by org.testng.reporters.JUnitReportReporter -->
<testsuite hostname="Rosans-MacBook-Pro.local" failures="0" tests="4" name="tests.TS_002_Admin" time="18.061" errors="0" timestamp="2022-07-03T10:58:13 NPT" skipped="0">
  <testcase classname="tests.TS_002_Admin" name="TC_003_logOut" time="2.608"/>
  <system-out/>
  <testcase classname="tests.TS_002_Admin" name="TC_003_adminTestModule" time="3.761"/>
  <system-out/>
  <testcase classname="tests.TS_002_Admin" name="TC_001_shouldLogin" time="7.747"/>
  <system-out/>
  <testcase classname="tests.TS_002_Admin" name="TC_002_navigateToAdmin" time="3.945"/>
  <system-out/>
</testsuite> <!-- tests.TS_002_Admin -->
