<?xml version="1.0" encoding="UTF-8"?>
<!-- Generated by org.testng.reporters.JUnitReportReporter -->
<testsuite hostname="Rosans-MacBook-Pro.local" failures="0" tests="4" name="tests.TS_002_Admin" time="18.914" errors="0" timestamp="2022-07-01T15:06:07 NPT" skipped="0">
  <testcase classname="tests.TS_002_Admin" name="TC_003_logOut" time="2.165"/>
  <system-out/>
  <testcase classname="tests.TS_002_Admin" name="TC_002_navigateToAdmin" time="4.219"/>
  <system-out/>
  <testcase classname="tests.TS_002_Admin" name="TC_003_adminTestModule" time="3.893"/>
  <system-out/>
  <testcase classname="tests.TS_002_Admin" name="TC_001_shouldLogin" time="8.637"/>
  <system-out/>
</testsuite> <!-- tests.TS_002_Admin -->
