<?xml version="1.0" encoding="UTF-8"?>
<!-- Generated by org.testng.reporters.JUnitReportReporter -->
<testsuite hostname="Rosans-MacBook-Pro.local" failures="0" tests="3" name="tests.TS_001_Directory" time="19.896" errors="0" timestamp="2022-07-01T20:28:12 NPT" skipped="0">
  <testcase classname="tests.TS_001_Directory" name="TC_003_logOut" time="2.242"/>
  <system-out/>
  <testcase classname="tests.TS_001_Directory" name="TC_001_shouldLogin" time="10.161"/>
  <system-out/>
  <testcase classname="tests.TS_001_Directory" name="TC_002_navigateToDirectory" time="7.493"/>
  <system-out/>
</testsuite> <!-- tests.TS_001_Directory -->
