<?xml version="1.0" encoding="UTF-8"?>
<!-- Generated by org.testng.reporters.JUnitReportReporter -->
<testsuite hostname="Rosans-MacBook-Pro.local" failures="0" tests="4" name="tests.TS_002_Admin" time="19.758" errors="0" timestamp="2022-07-01T20:28:12 NPT" skipped="0">
  <testcase classname="tests.TS_002_Admin" name="TC_002_navigateToAdmin" time="3.213"/>
  <system-out/>
  <testcase classname="tests.TS_002_Admin" name="TC_001_shouldLogin" time="10.123"/>
  <system-out/>
  <testcase classname="tests.TS_002_Admin" name="TC_003_adminTestModule" time="4.158"/>
  <system-out/>
  <testcase classname="tests.TS_002_Admin" name="TC_003_logOut" time="2.264"/>
  <system-out/>
</testsuite> <!-- tests.TS_002_Admin -->
